a user connected
Vastaanotettu data:{"kayttaja":0}
  paivitaPeli:1,1,2,1,2,0,3,1,4,0
  paivitaPeli:1,1,2,1,2,0,3,1,4,0,
Muutettu tietoalkio:1,1,2,1,2,0,3,1,4,0,
user disconnected
127.0.0.1 - - [12/Dec/2015:12:15:52 +0000] "GET /roomalaiset HTTP/1.1" 200 1727 "-" "Mozilla/5.0 (X11; Ubuntu; Linux x86_64; rv:42.0) Gecko/20100101 Firefox/42.0"
a user connected
Vastaanotettu data:{"kayttaja":0}
  paivitaPeli:1,1,2,1,2,0,3,1,4,0,
  paivitaPeli:1,1,2,1,2,0,3,1,4,0,,
Muutettu tietoalkio:1,1,2,1,2,0,3,1,4,0,,
user disconnected
127.0.0.1 - - [12/Dec/2015:12:17:26 +0000] "GET /roomalaiset HTTP/1.1" 200 1754 "-" "Mozilla/5.0 (X11; Ubuntu; Linux x86_64; rv:42.0) Gecko/20100101 Firefox/42.0"
a user connected
user disconnected
127.0.0.1 - - [12/Dec/2015:12:19:54 +0000] "GET /roomalaiset HTTP/1.1" 200 1795 "-" "Mozilla/5.0 (X11; Ubuntu; Linux x86_64; rv:42.0) Gecko/20100101 Firefox/42.0"
a user connected
Vastaanotettu data:{"kayttaja":0}
  paivitaPeli:1,1,2,1,2,0,3,1,4,0,,
  paivitaPeli:1,1,2,1,2,0,3,1,4,0,,,
Muutettu tietoalkio:1,1,2,1,2,0,3,1,4,0,,,
user disconnected
127.0.0.1 - - [12/Dec/2015:12:21:15 +0000] "GET /roomalaiset HTTP/1.1" 200 1788 "-" "Mozilla/5.0 (X11; Ubuntu; Linux x86_64; rv:42.0) Gecko/20100101 Firefox/42.0"
a user connected
Vastaanotettu data:{"kayttaja":0}
  paivitaPeli:1,1,2,1,2,0,3,1,4,0,,,
  paivitaPeli:1,1,2,1,2,0,3,1,4,0,,,,
Muutettu tietoalkio:1,1,2,1,2,0,3,1,4,0,,,,
